<?xml version="1.0" encoding="UTF-8"?>
<testng-results ignored="0" total="2" passed="2" failed="0" skipped="0">
  <reporter-output>
  </reporter-output>
  <suite started-at="2023-12-01T12:33:35 IST" name="Suite" finished-at="2023-12-01T12:33:45 IST" duration-ms="10010">
    <groups>
    </groups>
    <test started-at="2023-12-01T12:33:35 IST" name="ChromeBrowser" finished-at="2023-12-01T12:33:39 IST" duration-ms="4326">
      <class name="grid.Ptc1Test">
        <test-method is-config="true" signature="sample(java.lang.String)[pri:0, instance:grid.Ptc1Test@23c30a20]" started-at="2023-12-01T12:33:35 IST" name="sample" finished-at="2023-12-01T12:33:38 IST" duration-ms="2941" status="PASS">
          <params>
            <param index="0">
              <value>
                <![CDATA[chrome]]>
              </value>
            </param>
          </params>
          <reporter-output>
          </reporter-output>
        </test-method> <!-- sample -->
        <test-method signature="m1Test()[pri:0, instance:grid.Ptc1Test@23c30a20]" started-at="2023-12-01T12:33:38 IST" name="m1Test" finished-at="2023-12-01T12:33:39 IST" duration-ms="1359" status="PASS">
          <reporter-output>
          </reporter-output>
        </test-method> <!-- m1Test -->
      </class> <!-- grid.Ptc1Test -->
    </test> <!-- ChromeBrowser -->
    <test started-at="2023-12-01T12:33:39 IST" name="FirefoxBrowser" finished-at="2023-12-01T12:33:45 IST" duration-ms="5620">
      <class name="grid.Ptc2Test">
        <test-method is-config="true" signature="sample(java.lang.String)[pri:0, instance:grid.Ptc2Test@51c668e3]" started-at="2023-12-01T12:33:39 IST" name="sample" finished-at="2023-12-01T12:33:42 IST" duration-ms="2988" status="PASS">
          <params>
            <param index="0">
              <value>
                <![CDATA[firefox]]>
              </value>
            </param>
          </params>
          <reporter-output>
          </reporter-output>
        </test-method> <!-- sample -->
        <test-method signature="m2Test()[pri:0, instance:grid.Ptc2Test@51c668e3]" started-at="2023-12-01T12:33:42 IST" name="m2Test" finished-at="2023-12-01T12:33:45 IST" duration-ms="2627" status="PASS">
          <reporter-output>
          </reporter-output>
        </test-method> <!-- m2Test -->
      </class> <!-- grid.Ptc2Test -->
    </test> <!-- FirefoxBrowser -->
  </suite> <!-- Suite -->
</testng-results>
